{"C:\\Users\\User\\Desktop\\habitquest\\habitquest\\backend\\config\\constants.js": {"path":"C:\\Users\\User\\Desktop\\habitquest\\habitquest\\backend\\config\\constants.js","statementMap":{"0":{"start":{"line":5,"column":17},"end":{"line":5,"column":51}},"1":{"start":{"line":6,"column":19},"end":{"line":6,"column":52}},"2":{"start":{"line":8,"column":15},"end":{"line":8,"column":68}},"3":{"start":{"line":10,"column":15},"end":{"line":19,"column":1}},"4":{"start":{"line":22,"column":14},"end":{"line":22,"column":15}},"5":{"start":{"line":23,"column":2},"end":{"line":25,"column":3}},"6":{"start":{"line":23,"column":15},"end":{"line":23,"column":32}},"7":{"start":{"line":24,"column":4},"end":{"line":24,"column":50}},"8":{"start":{"line":24,"column":27},"end":{"line":24,"column":41}},"9":{"start":{"line":24,"column":42},"end":{"line":24,"column":48}},"10":{"start":{"line":26,"column":2},"end":{"line":26,"column":15}},"11":{"start":{"line":29,"column":0},"end":{"line":29,"column":69}}},"fnMap":{"0":{"name":"calcLevel","decl":{"start":{"line":21,"column":9},"end":{"line":21,"column":18}},"loc":{"start":{"line":21,"column":23},"end":{"line":27,"column":1}},"line":21}},"branchMap":{"0":{"loc":{"start":{"line":24,"column":4},"end":{"line":24,"column":50}},"type":"if","locations":[{"start":{"line":24,"column":4},"end":{"line":24,"column":50}},{"start":{},"end":{}}],"line":24}},"s":{"0":2,"1":2,"2":2,"3":2,"4":10,"5":10,"6":10,"7":71,"8":9,"9":9,"10":10,"11":2},"f":{"0":10},"b":{"0":[9,62]},"_coverageSchema":"1a1c01bbd47fc00a2c39e90264f33305004495a9","hash":"02e0402c83e31cb236d611ef7df5c87c71ed9df1"}
,"C:\\Users\\User\\Desktop\\habitquest\\habitquest\\backend\\controllers\\authController.js": {"path":"C:\\Users\\User\\Desktop\\habitquest\\habitquest\\backend\\controllers\\authController.js","statementMap":{"0":{"start":{"line":5,"column":15},"end":{"line":5,"column":34}},"1":{"start":{"line":6,"column":15},"end":{"line":6,"column":38}},"2":{"start":{"line":7,"column":23},"end":{"line":7,"column":64}},"3":{"start":{"line":10,"column":2},"end":{"line":17,"column":4}},"4":{"start":{"line":47,"column":2},"end":{"line":67,"column":3}},"5":{"start":{"line":48,"column":35},"end":{"line":48,"column":43}},"6":{"start":{"line":49,"column":4},"end":{"line":50,"column":67}},"7":{"start":{"line":50,"column":6},"end":{"line":50,"column":67}},"8":{"start":{"line":51,"column":4},"end":{"line":52,"column":76}},"9":{"start":{"line":52,"column":6},"end":{"line":52,"column":76}},"10":{"start":{"line":53,"column":4},"end":{"line":54,"column":75}},"11":{"start":{"line":54,"column":6},"end":{"line":54,"column":75}},"12":{"start":{"line":56,"column":19},"end":{"line":56,"column":64}},"13":{"start":{"line":57,"column":4},"end":{"line":58,"column":85}},"14":{"start":{"line":58,"column":6},"end":{"line":58,"column":85}},"15":{"start":{"line":60,"column":25},"end":{"line":60,"column":56}},"16":{"start":{"line":61,"column":18},"end":{"line":61,"column":90}},"17":{"start":{"line":62,"column":18},"end":{"line":62,"column":89}},"18":{"start":{"line":63,"column":4},"end":{"line":63,"column":46}},"19":{"start":{"line":65,"column":4},"end":{"line":65,"column":43}},"20":{"start":{"line":66,"column":4},"end":{"line":66,"column":49}},"21":{"start":{"line":95,"column":2},"end":{"line":122,"column":3}},"22":{"start":{"line":96,"column":35},"end":{"line":96,"column":43}},"23":{"start":{"line":97,"column":4},"end":{"line":98,"column":67}},"24":{"start":{"line":98,"column":6},"end":{"line":98,"column":67}},"25":{"start":{"line":100,"column":17},"end":{"line":100,"column":62}},"26":{"start":{"line":101,"column":4},"end":{"line":102,"column":78}},"27":{"start":{"line":102,"column":6},"end":{"line":102,"column":78}},"28":{"start":{"line":104,"column":15},"end":{"line":104,"column":64}},"29":{"start":{"line":105,"column":4},"end":{"line":106,"column":78}},"30":{"start":{"line":106,"column":6},"end":{"line":106,"column":78}},"31":{"start":{"line":108,"column":22},"end":{"line":108,"column":59}},"32":{"start":{"line":109,"column":22},"end":{"line":109,"column":80}},"33":{"start":{"line":110,"column":20},"end":{"line":110,"column":21}},"34":{"start":{"line":111,"column":4},"end":{"line":112,"column":67}},"35":{"start":{"line":111,"column":38},"end":{"line":111,"column":73}},"36":{"start":{"line":112,"column":9},"end":{"line":112,"column":67}},"37":{"start":{"line":112,"column":38},"end":{"line":112,"column":67}},"38":{"start":{"line":114,"column":4},"end":{"line":114,"column":86}},"39":{"start":{"line":115,"column":4},"end":{"line":115,"column":28}},"40":{"start":{"line":117,"column":18},"end":{"line":117,"column":89}},"41":{"start":{"line":118,"column":4},"end":{"line":118,"column":46}},"42":{"start":{"line":120,"column":4},"end":{"line":120,"column":40}},"43":{"start":{"line":121,"column":4},"end":{"line":121,"column":49}},"44":{"start":{"line":125,"column":0},"end":{"line":125,"column":47}}},"fnMap":{"0":{"name":"safeUser","decl":{"start":{"line":9,"column":9},"end":{"line":9,"column":17}},"loc":{"start":{"line":9,"column":21},"end":{"line":18,"column":1}},"line":9},"1":{"name":"register","decl":{"start":{"line":46,"column":15},"end":{"line":46,"column":23}},"loc":{"start":{"line":46,"column":34},"end":{"line":68,"column":1}},"line":46},"2":{"name":"login","decl":{"start":{"line":94,"column":15},"end":{"line":94,"column":20}},"loc":{"start":{"line":94,"column":31},"end":{"line":123,"column":1}},"line":94}},"branchMap":{"0":{"loc":{"start":{"line":14,"column":17},"end":{"line":14,"column":36}},"type":"binary-expr","locations":[{"start":{"line":14,"column":17},"end":{"line":14,"column":30}},{"start":{"line":14,"column":34},"end":{"line":14,"column":36}}],"line":14},"1":{"loc":{"start":{"line":14,"column":51},"end":{"line":14,"column":70}},"type":"binary-expr","locations":[{"start":{"line":14,"column":51},"end":{"line":14,"column":64}},{"start":{"line":14,"column":68},"end":{"line":14,"column":70}}],"line":14},"2":{"loc":{"start":{"line":15,"column":15},"end":{"line":15,"column":32}},"type":"binary-expr","locations":[{"start":{"line":15,"column":15},"end":{"line":15,"column":26}},{"start":{"line":15,"column":30},"end":{"line":15,"column":32}}],"line":15},"3":{"loc":{"start":{"line":15,"column":45},"end":{"line":15,"column":62}},"type":"binary-expr","locations":[{"start":{"line":15,"column":45},"end":{"line":15,"column":56}},{"start":{"line":15,"column":60},"end":{"line":15,"column":62}}],"line":15},"4":{"loc":{"start":{"line":49,"column":4},"end":{"line":50,"column":67}},"type":"if","locations":[{"start":{"line":49,"column":4},"end":{"line":50,"column":67}},{"start":{},"end":{}}],"line":49},"5":{"loc":{"start":{"line":49,"column":8},"end":{"line":49,"column":30}},"type":"binary-expr","locations":[{"start":{"line":49,"column":8},"end":{"line":49,"column":17}},{"start":{"line":49,"column":21},"end":{"line":49,"column":30}}],"line":49},"6":{"loc":{"start":{"line":51,"column":4},"end":{"line":52,"column":76}},"type":"if","locations":[{"start":{"line":51,"column":4},"end":{"line":52,"column":76}},{"start":{},"end":{}}],"line":51},"7":{"loc":{"start":{"line":53,"column":4},"end":{"line":54,"column":75}},"type":"if","locations":[{"start":{"line":53,"column":4},"end":{"line":54,"column":75}},{"start":{},"end":{}}],"line":53},"8":{"loc":{"start":{"line":57,"column":4},"end":{"line":58,"column":85}},"type":"if","locations":[{"start":{"line":57,"column":4},"end":{"line":58,"column":85}},{"start":{},"end":{}}],"line":57},"9":{"loc":{"start":{"line":97,"column":4},"end":{"line":98,"column":67}},"type":"if","locations":[{"start":{"line":97,"column":4},"end":{"line":98,"column":67}},{"start":{},"end":{}}],"line":97},"10":{"loc":{"start":{"line":97,"column":8},"end":{"line":97,"column":30}},"type":"binary-expr","locations":[{"start":{"line":97,"column":8},"end":{"line":97,"column":17}},{"start":{"line":97,"column":21},"end":{"line":97,"column":30}}],"line":97},"11":{"loc":{"start":{"line":101,"column":4},"end":{"line":102,"column":78}},"type":"if","locations":[{"start":{"line":101,"column":4},"end":{"line":102,"column":78}},{"start":{},"end":{}}],"line":101},"12":{"loc":{"start":{"line":105,"column":4},"end":{"line":106,"column":78}},"type":"if","locations":[{"start":{"line":105,"column":4},"end":{"line":106,"column":78}},{"start":{},"end":{}}],"line":105},"13":{"loc":{"start":{"line":111,"column":4},"end":{"line":112,"column":67}},"type":"if","locations":[{"start":{"line":111,"column":4},"end":{"line":112,"column":67}},{"start":{"line":112,"column":9},"end":{"line":112,"column":67}}],"line":111},"14":{"loc":{"start":{"line":111,"column":51},"end":{"line":111,"column":67}},"type":"binary-expr","locations":[{"start":{"line":111,"column":51},"end":{"line":111,"column":62}},{"start":{"line":111,"column":66},"end":{"line":111,"column":67}}],"line":111},"15":{"loc":{"start":{"line":112,"column":9},"end":{"line":112,"column":67}},"type":"if","locations":[{"start":{"line":112,"column":9},"end":{"line":112,"column":67}},{"start":{},"end":{}}],"line":112},"16":{"loc":{"start":{"line":112,"column":50},"end":{"line":112,"column":66}},"type":"binary-expr","locations":[{"start":{"line":112,"column":50},"end":{"line":112,"column":61}},{"start":{"line":112,"column":65},"end":{"line":112,"column":66}}],"line":112}},"s":{"0":1,"1":1,"2":1,"3":60,"4":6,"5":6,"6":6,"7":2,"8":4,"9":1,"10":3,"11":1,"12":2,"13":2,"14":1,"15":1,"16":1,"17":1,"18":1,"19":0,"20":0,"21":52,"22":52,"23":52,"24":1,"25":51,"26":51,"27":1,"28":50,"29":50,"30":1,"31":49,"32":49,"33":49,"34":49,"35":0,"36":49,"37":49,"38":49,"39":49,"40":49,"41":49,"42":0,"43":0,"44":1},"f":{"0":60,"1":6,"2":52},"b":{"0":[60,0],"1":[60,1],"2":[60,0],"3":[60,0],"4":[2,4],"5":[6,4],"6":[1,3],"7":[1,2],"8":[1,1],"9":[1,51],"10":[52,51],"11":[1,50],"12":[1,49],"13":[0,49],"14":[0,0],"15":[49,0],"16":[49,0]},"_coverageSchema":"1a1c01bbd47fc00a2c39e90264f33305004495a9","hash":"e74633df54addc580af5a846ec1cfa8fe05a0907"}
,"C:\\Users\\User\\Desktop\\habitquest\\habitquest\\backend\\controllers\\habitController.js": {"path":"C:\\Users\\User\\Desktop\\habitquest\\habitquest\\backend\\controllers\\habitController.js","statementMap":{"0":{"start":{"line":5,"column":24},"end":{"line":5,"column":66}},"1":{"start":{"line":6,"column":24},"end":{"line":6,"column":65}},"2":{"start":{"line":7,"column":24},"end":{"line":7,"column":44}},"3":{"start":{"line":22,"column":2},"end":{"line":25,"column":63}},"4":{"start":{"line":23,"column":19},"end":{"line":23,"column":67}},"5":{"start":{"line":24,"column":4},"end":{"line":24,"column":21}},"6":{"start":{"line":25,"column":16},"end":{"line":25,"column":61}},"7":{"start":{"line":65,"column":2},"end":{"line":73,"column":63}},"8":{"start":{"line":66,"column":67},"end":{"line":66,"column":75}},"9":{"start":{"line":67,"column":4},"end":{"line":67,"column":81}},"10":{"start":{"line":67,"column":15},"end":{"line":67,"column":81}},"11":{"start":{"line":68,"column":18},"end":{"line":70,"column":6}},"12":{"start":{"line":71,"column":4},"end":{"line":71,"column":90}},"13":{"start":{"line":72,"column":4},"end":{"line":72,"column":32}},"14":{"start":{"line":73,"column":16},"end":{"line":73,"column":61}},"15":{"start":{"line":97,"column":2},"end":{"line":101,"column":63}},"16":{"start":{"line":98,"column":18},"end":{"line":98,"column":84}},"17":{"start":{"line":99,"column":4},"end":{"line":99,"column":72}},"18":{"start":{"line":99,"column":16},"end":{"line":99,"column":72}},"19":{"start":{"line":100,"column":4},"end":{"line":100,"column":20}},"20":{"start":{"line":101,"column":16},"end":{"line":101,"column":61}},"21":{"start":{"line":125,"column":2},"end":{"line":130,"column":63}},"22":{"start":{"line":126,"column":18},"end":{"line":126,"column":74}},"23":{"start":{"line":127,"column":4},"end":{"line":127,"column":72}},"24":{"start":{"line":127,"column":16},"end":{"line":127,"column":72}},"25":{"start":{"line":128,"column":4},"end":{"line":128,"column":96}},"26":{"start":{"line":129,"column":4},"end":{"line":129,"column":38}},"27":{"start":{"line":130,"column":16},"end":{"line":130,"column":61}},"28":{"start":{"line":152,"column":2},"end":{"line":163,"column":63}},"29":{"start":{"line":153,"column":18},"end":{"line":153,"column":75}},"30":{"start":{"line":154,"column":4},"end":{"line":154,"column":72}},"31":{"start":{"line":154,"column":16},"end":{"line":154,"column":72}},"32":{"start":{"line":155,"column":4},"end":{"line":155,"column":71}},"33":{"start":{"line":156,"column":4},"end":{"line":161,"column":7}},"34":{"start":{"line":162,"column":4},"end":{"line":162,"column":32}},"35":{"start":{"line":163,"column":16},"end":{"line":163,"column":61}},"36":{"start":{"line":166,"column":0},"end":{"line":166,"column":62}}},"fnMap":{"0":{"name":"getAll","decl":{"start":{"line":21,"column":15},"end":{"line":21,"column":21}},"loc":{"start":{"line":21,"column":32},"end":{"line":26,"column":1}},"line":21},"1":{"name":"create","decl":{"start":{"line":64,"column":15},"end":{"line":64,"column":21}},"loc":{"start":{"line":64,"column":32},"end":{"line":74,"column":1}},"line":64},"2":{"name":"update","decl":{"start":{"line":96,"column":15},"end":{"line":96,"column":21}},"loc":{"start":{"line":96,"column":32},"end":{"line":102,"column":1}},"line":96},"3":{"name":"remove","decl":{"start":{"line":124,"column":15},"end":{"line":124,"column":21}},"loc":{"start":{"line":124,"column":32},"end":{"line":131,"column":1}},"line":124},"4":{"name":"complete","decl":{"start":{"line":151,"column":15},"end":{"line":151,"column":23}},"loc":{"start":{"line":151,"column":34},"end":{"line":164,"column":1}},"line":151}},"branchMap":{"0":{"loc":{"start":{"line":67,"column":4},"end":{"line":67,"column":81}},"type":"if","locations":[{"start":{"line":67,"column":4},"end":{"line":67,"column":81}},{"start":{},"end":{}}],"line":67},"1":{"loc":{"start":{"line":99,"column":4},"end":{"line":99,"column":72}},"type":"if","locations":[{"start":{"line":99,"column":4},"end":{"line":99,"column":72}},{"start":{},"end":{}}],"line":99},"2":{"loc":{"start":{"line":127,"column":4},"end":{"line":127,"column":72}},"type":"if","locations":[{"start":{"line":127,"column":4},"end":{"line":127,"column":72}},{"start":{},"end":{}}],"line":127},"3":{"loc":{"start":{"line":154,"column":4},"end":{"line":154,"column":72}},"type":"if","locations":[{"start":{"line":154,"column":4},"end":{"line":154,"column":72}},{"start":{},"end":{}}],"line":154}},"s":{"0":1,"1":1,"2":1,"3":2,"4":2,"5":2,"6":0,"7":3,"8":3,"9":3,"10":1,"11":2,"12":2,"13":2,"14":0,"15":2,"16":2,"17":2,"18":1,"19":1,"20":0,"21":2,"22":2,"23":2,"24":1,"25":1,"26":1,"27":0,"28":2,"29":2,"30":2,"31":1,"32":1,"33":1,"34":1,"35":0,"36":1},"f":{"0":2,"1":3,"2":2,"3":2,"4":2},"b":{"0":[1,2],"1":[1,1],"2":[1,1],"3":[1,1]},"_coverageSchema":"1a1c01bbd47fc00a2c39e90264f33305004495a9","hash":"c7cf27f20530a484aa18362b3b29818f68ffa969"}
,"C:\\Users\\User\\Desktop\\habitquest\\habitquest\\backend\\controllers\\historyController.js": {"path":"C:\\Users\\User\\Desktop\\habitquest\\habitquest\\backend\\controllers\\historyController.js","statementMap":{"0":{"start":{"line":5,"column":27},"end":{"line":5,"column":72}},"1":{"start":{"line":20,"column":2},"end":{"line":23,"column":63}},"2":{"start":{"line":21,"column":17},"end":{"line":21,"column":70}},"3":{"start":{"line":22,"column":4},"end":{"line":22,"column":19}},"4":{"start":{"line":23,"column":16},"end":{"line":23,"column":61}},"5":{"start":{"line":26,"column":0},"end":{"line":26,"column":32}}},"fnMap":{"0":{"name":"getHistory","decl":{"start":{"line":19,"column":15},"end":{"line":19,"column":25}},"loc":{"start":{"line":19,"column":36},"end":{"line":24,"column":1}},"line":19}},"branchMap":{},"s":{"0":1,"1":2,"2":2,"3":2,"4":0,"5":1},"f":{"0":2},"b":{},"_coverageSchema":"1a1c01bbd47fc00a2c39e90264f33305004495a9","hash":"368ec9503d0764ae5dc73f66a30bc8e473a850a9"}
,"C:\\Users\\User\\Desktop\\habitquest\\habitquest\\backend\\controllers\\shopController.js": {"path":"C:\\Users\\User\\Desktop\\habitquest\\habitquest\\backend\\controllers\\shopController.js","statementMap":{"0":{"start":{"line":5,"column":23},"end":{"line":5,"column":64}},"1":{"start":{"line":6,"column":23},"end":{"line":6,"column":43}},"2":{"start":{"line":7,"column":23},"end":{"line":7,"column":53}},"3":{"start":{"line":8,"column":23},"end":{"line":8,"column":50}},"4":{"start":{"line":23,"column":2},"end":{"line":23,"column":19}},"5":{"start":{"line":47,"column":2},"end":{"line":71,"column":3}},"6":{"start":{"line":48,"column":18},"end":{"line":48,"column":63}},"7":{"start":{"line":48,"column":35},"end":{"line":48,"column":62}},"8":{"start":{"line":49,"column":4},"end":{"line":49,"column":78}},"9":{"start":{"line":49,"column":16},"end":{"line":49,"column":78}},"10":{"start":{"line":51,"column":17},"end":{"line":51,"column":59}},"11":{"start":{"line":52,"column":4},"end":{"line":52,"column":83}},"12":{"start":{"line":52,"column":15},"end":{"line":52,"column":83}},"13":{"start":{"line":54,"column":4},"end":{"line":55,"column":81}},"14":{"start":{"line":55,"column":6},"end":{"line":55,"column":81}},"15":{"start":{"line":56,"column":4},"end":{"line":57,"column":68}},"16":{"start":{"line":57,"column":6},"end":{"line":57,"column":68}},"17":{"start":{"line":58,"column":4},"end":{"line":59,"column":115}},"18":{"start":{"line":59,"column":6},"end":{"line":59,"column":115}},"19":{"start":{"line":61,"column":4},"end":{"line":61,"column":70}},"20":{"start":{"line":62,"column":4},"end":{"line":64,"column":7}},"21":{"start":{"line":66,"column":20},"end":{"line":66,"column":62}},"22":{"start":{"line":67,"column":4},"end":{"line":67,"column":32}},"23":{"start":{"line":69,"column":4},"end":{"line":69,"column":43}},"24":{"start":{"line":70,"column":4},"end":{"line":70,"column":49}},"25":{"start":{"line":93,"column":2},"end":{"line":112,"column":3}},"26":{"start":{"line":94,"column":18},"end":{"line":94,"column":63}},"27":{"start":{"line":94,"column":35},"end":{"line":94,"column":62}},"28":{"start":{"line":95,"column":4},"end":{"line":95,"column":78}},"29":{"start":{"line":95,"column":16},"end":{"line":95,"column":78}},"30":{"start":{"line":97,"column":17},"end":{"line":97,"column":59}},"31":{"start":{"line":98,"column":4},"end":{"line":99,"column":67}},"32":{"start":{"line":99,"column":6},"end":{"line":99,"column":67}},"33":{"start":{"line":101,"column":22},"end":{"line":101,"column":67}},"34":{"start":{"line":102,"column":4},"end":{"line":102,"column":64}},"35":{"start":{"line":103,"column":4},"end":{"line":105,"column":7}},"36":{"start":{"line":107,"column":20},"end":{"line":107,"column":62}},"37":{"start":{"line":108,"column":4},"end":{"line":108,"column":32}},"38":{"start":{"line":110,"column":4},"end":{"line":110,"column":45}},"39":{"start":{"line":111,"column":4},"end":{"line":111,"column":49}},"40":{"start":{"line":115,"column":0},"end":{"line":115,"column":53}}},"fnMap":{"0":{"name":"getFrames","decl":{"start":{"line":22,"column":9},"end":{"line":22,"column":18}},"loc":{"start":{"line":22,"column":29},"end":{"line":24,"column":1}},"line":22},"1":{"name":"buyFrame","decl":{"start":{"line":46,"column":15},"end":{"line":46,"column":23}},"loc":{"start":{"line":46,"column":34},"end":{"line":72,"column":1}},"line":46},"2":{"name":"(anonymous_2)","decl":{"start":{"line":48,"column":30},"end":{"line":48,"column":31}},"loc":{"start":{"line":48,"column":35},"end":{"line":48,"column":62}},"line":48},"3":{"name":"equipFrame","decl":{"start":{"line":92,"column":15},"end":{"line":92,"column":25}},"loc":{"start":{"line":92,"column":36},"end":{"line":113,"column":1}},"line":92},"4":{"name":"(anonymous_4)","decl":{"start":{"line":94,"column":30},"end":{"line":94,"column":31}},"loc":{"start":{"line":94,"column":35},"end":{"line":94,"column":62}},"line":94}},"branchMap":{"0":{"loc":{"start":{"line":49,"column":4},"end":{"line":49,"column":78}},"type":"if","locations":[{"start":{"line":49,"column":4},"end":{"line":49,"column":78}},{"start":{},"end":{}}],"line":49},"1":{"loc":{"start":{"line":52,"column":4},"end":{"line":52,"column":83}},"type":"if","locations":[{"start":{"line":52,"column":4},"end":{"line":52,"column":83}},{"start":{},"end":{}}],"line":52},"2":{"loc":{"start":{"line":54,"column":4},"end":{"line":55,"column":81}},"type":"if","locations":[{"start":{"line":54,"column":4},"end":{"line":55,"column":81}},{"start":{},"end":{}}],"line":54},"3":{"loc":{"start":{"line":56,"column":4},"end":{"line":57,"column":68}},"type":"if","locations":[{"start":{"line":56,"column":4},"end":{"line":57,"column":68}},{"start":{},"end":{}}],"line":56},"4":{"loc":{"start":{"line":56,"column":9},"end":{"line":56,"column":31}},"type":"binary-expr","locations":[{"start":{"line":56,"column":9},"end":{"line":56,"column":25}},{"start":{"line":56,"column":29},"end":{"line":56,"column":31}}],"line":56},"5":{"loc":{"start":{"line":58,"column":4},"end":{"line":59,"column":115}},"type":"if","locations":[{"start":{"line":58,"column":4},"end":{"line":59,"column":115}},{"start":{},"end":{}}],"line":58},"6":{"loc":{"start":{"line":95,"column":4},"end":{"line":95,"column":78}},"type":"if","locations":[{"start":{"line":95,"column":4},"end":{"line":95,"column":78}},{"start":{},"end":{}}],"line":95},"7":{"loc":{"start":{"line":98,"column":4},"end":{"line":99,"column":67}},"type":"if","locations":[{"start":{"line":98,"column":4},"end":{"line":99,"column":67}},{"start":{},"end":{}}],"line":98},"8":{"loc":{"start":{"line":98,"column":10},"end":{"line":98,"column":32}},"type":"binary-expr","locations":[{"start":{"line":98,"column":10},"end":{"line":98,"column":26}},{"start":{"line":98,"column":30},"end":{"line":98,"column":32}}],"line":98},"9":{"loc":{"start":{"line":101,"column":22},"end":{"line":101,"column":67}},"type":"cond-expr","locations":[{"start":{"line":101,"column":54},"end":{"line":101,"column":56}},{"start":{"line":101,"column":59},"end":{"line":101,"column":67}}],"line":101}},"s":{"0":1,"1":1,"2":1,"3":1,"4":1,"5":6,"6":6,"7":22,"8":6,"9":1,"10":5,"11":5,"12":1,"13":4,"14":1,"15":3,"16":1,"17":2,"18":1,"19":1,"20":1,"21":1,"22":1,"23":0,"24":0,"25":4,"26":4,"27":14,"28":4,"29":1,"30":3,"31":3,"32":1,"33":2,"34":2,"35":2,"36":2,"37":2,"38":0,"39":0,"40":1},"f":{"0":1,"1":6,"2":22,"3":4,"4":14},"b":{"0":[1,5],"1":[1,4],"2":[1,3],"3":[1,2],"4":[3,0],"5":[1,1],"6":[1,3],"7":[1,2],"8":[3,0],"9":[1,1]},"_coverageSchema":"1a1c01bbd47fc00a2c39e90264f33305004495a9","hash":"a5111739315b3f097fd4a460aca62daf24591d36"}
,"C:\\Users\\User\\Desktop\\habitquest\\habitquest\\backend\\controllers\\taskController.js": {"path":"C:\\Users\\User\\Desktop\\habitquest\\habitquest\\backend\\controllers\\taskController.js","statementMap":{"0":{"start":{"line":5,"column":23},"end":{"line":5,"column":64}},"1":{"start":{"line":6,"column":23},"end":{"line":6,"column":64}},"2":{"start":{"line":7,"column":23},"end":{"line":7,"column":43}},"3":{"start":{"line":22,"column":2},"end":{"line":24,"column":63}},"4":{"start":{"line":23,"column":4},"end":{"line":23,"column":62}},"5":{"start":{"line":24,"column":16},"end":{"line":24,"column":61}},"6":{"start":{"line":58,"column":2},"end":{"line":66,"column":63}},"7":{"start":{"line":59,"column":56},"end":{"line":59,"column":64}},"8":{"start":{"line":60,"column":4},"end":{"line":60,"column":81}},"9":{"start":{"line":60,"column":15},"end":{"line":60,"column":81}},"10":{"start":{"line":61,"column":17},"end":{"line":63,"column":6}},"11":{"start":{"line":64,"column":4},"end":{"line":64,"column":89}},"12":{"start":{"line":65,"column":4},"end":{"line":65,"column":31}},"13":{"start":{"line":66,"column":16},"end":{"line":66,"column":61}},"14":{"start":{"line":88,"column":2},"end":{"line":92,"column":63}},"15":{"start":{"line":89,"column":17},"end":{"line":89,"column":82}},"16":{"start":{"line":90,"column":4},"end":{"line":90,"column":71}},"17":{"start":{"line":90,"column":15},"end":{"line":90,"column":71}},"18":{"start":{"line":91,"column":4},"end":{"line":91,"column":19}},"19":{"start":{"line":92,"column":16},"end":{"line":92,"column":61}},"20":{"start":{"line":114,"column":2},"end":{"line":119,"column":63}},"21":{"start":{"line":115,"column":17},"end":{"line":115,"column":72}},"22":{"start":{"line":116,"column":4},"end":{"line":116,"column":71}},"23":{"start":{"line":116,"column":15},"end":{"line":116,"column":71}},"24":{"start":{"line":117,"column":4},"end":{"line":117,"column":94}},"25":{"start":{"line":118,"column":4},"end":{"line":118,"column":38}},"26":{"start":{"line":119,"column":16},"end":{"line":119,"column":61}},"27":{"start":{"line":141,"column":2},"end":{"line":152,"column":63}},"28":{"start":{"line":142,"column":17},"end":{"line":142,"column":81}},"29":{"start":{"line":143,"column":4},"end":{"line":143,"column":71}},"30":{"start":{"line":143,"column":15},"end":{"line":143,"column":71}},"31":{"start":{"line":144,"column":4},"end":{"line":144,"column":70}},"32":{"start":{"line":145,"column":4},"end":{"line":150,"column":7}},"33":{"start":{"line":151,"column":4},"end":{"line":151,"column":32}},"34":{"start":{"line":152,"column":16},"end":{"line":152,"column":61}},"35":{"start":{"line":155,"column":0},"end":{"line":155,"column":62}}},"fnMap":{"0":{"name":"getAll","decl":{"start":{"line":21,"column":15},"end":{"line":21,"column":21}},"loc":{"start":{"line":21,"column":32},"end":{"line":25,"column":1}},"line":21},"1":{"name":"create","decl":{"start":{"line":57,"column":15},"end":{"line":57,"column":21}},"loc":{"start":{"line":57,"column":32},"end":{"line":67,"column":1}},"line":57},"2":{"name":"update","decl":{"start":{"line":87,"column":15},"end":{"line":87,"column":21}},"loc":{"start":{"line":87,"column":32},"end":{"line":93,"column":1}},"line":87},"3":{"name":"remove","decl":{"start":{"line":113,"column":15},"end":{"line":113,"column":21}},"loc":{"start":{"line":113,"column":32},"end":{"line":120,"column":1}},"line":113},"4":{"name":"complete","decl":{"start":{"line":140,"column":15},"end":{"line":140,"column":23}},"loc":{"start":{"line":140,"column":34},"end":{"line":153,"column":1}},"line":140}},"branchMap":{"0":{"loc":{"start":{"line":60,"column":4},"end":{"line":60,"column":81}},"type":"if","locations":[{"start":{"line":60,"column":4},"end":{"line":60,"column":81}},{"start":{},"end":{}}],"line":60},"1":{"loc":{"start":{"line":62,"column":68},"end":{"line":62,"column":84}},"type":"binary-expr","locations":[{"start":{"line":62,"column":68},"end":{"line":62,"column":76}},{"start":{"line":62,"column":80},"end":{"line":62,"column":84}}],"line":62},"2":{"loc":{"start":{"line":90,"column":4},"end":{"line":90,"column":71}},"type":"if","locations":[{"start":{"line":90,"column":4},"end":{"line":90,"column":71}},{"start":{},"end":{}}],"line":90},"3":{"loc":{"start":{"line":116,"column":4},"end":{"line":116,"column":71}},"type":"if","locations":[{"start":{"line":116,"column":4},"end":{"line":116,"column":71}},{"start":{},"end":{}}],"line":116},"4":{"loc":{"start":{"line":143,"column":4},"end":{"line":143,"column":71}},"type":"if","locations":[{"start":{"line":143,"column":4},"end":{"line":143,"column":71}},{"start":{},"end":{}}],"line":143}},"s":{"0":1,"1":1,"2":1,"3":1,"4":1,"5":0,"6":3,"7":3,"8":3,"9":1,"10":2,"11":2,"12":2,"13":0,"14":2,"15":2,"16":2,"17":1,"18":1,"19":0,"20":2,"21":2,"22":2,"23":1,"24":1,"25":1,"26":0,"27":2,"28":2,"29":2,"30":1,"31":1,"32":1,"33":1,"34":0,"35":1},"f":{"0":1,"1":3,"2":2,"3":2,"4":2},"b":{"0":[1,2],"1":[2,1],"2":[1,1],"3":[1,1],"4":[1,1]},"_coverageSchema":"1a1c01bbd47fc00a2c39e90264f33305004495a9","hash":"1232939e2ac992e4440b5c19664253027a021296"}
,"C:\\Users\\User\\Desktop\\habitquest\\habitquest\\backend\\controllers\\userController.js": {"path":"C:\\Users\\User\\Desktop\\habitquest\\habitquest\\backend\\controllers\\userController.js","statementMap":{"0":{"start":{"line":5,"column":23},"end":{"line":5,"column":64}},"1":{"start":{"line":6,"column":23},"end":{"line":6,"column":43}},"2":{"start":{"line":7,"column":23},"end":{"line":7,"column":50}},"3":{"start":{"line":24,"column":2},"end":{"line":28,"column":63}},"4":{"start":{"line":25,"column":17},"end":{"line":25,"column":59}},"5":{"start":{"line":26,"column":4},"end":{"line":26,"column":71}},"6":{"start":{"line":26,"column":15},"end":{"line":26,"column":71}},"7":{"start":{"line":27,"column":4},"end":{"line":27,"column":29}},"8":{"start":{"line":28,"column":16},"end":{"line":28,"column":61}},"9":{"start":{"line":57,"column":2},"end":{"line":75,"column":3}},"10":{"start":{"line":58,"column":38},"end":{"line":58,"column":46}},"11":{"start":{"line":59,"column":4},"end":{"line":63,"column":5}},"12":{"start":{"line":60,"column":23},"end":{"line":60,"column":87}},"13":{"start":{"line":61,"column":6},"end":{"line":62,"column":87}},"14":{"start":{"line":62,"column":8},"end":{"line":62,"column":87}},"15":{"start":{"line":64,"column":19},"end":{"line":64,"column":21}},"16":{"start":{"line":65,"column":4},"end":{"line":65,"column":64}},"17":{"start":{"line":65,"column":30},"end":{"line":65,"column":64}},"18":{"start":{"line":66,"column":4},"end":{"line":66,"column":52}},"19":{"start":{"line":66,"column":30},"end":{"line":66,"column":52}},"20":{"start":{"line":67,"column":4},"end":{"line":67,"column":55}},"21":{"start":{"line":67,"column":30},"end":{"line":67,"column":55}},"22":{"start":{"line":69,"column":4},"end":{"line":69,"column":57}},"23":{"start":{"line":70,"column":17},"end":{"line":70,"column":59}},"24":{"start":{"line":71,"column":4},"end":{"line":71,"column":29}},"25":{"start":{"line":73,"column":4},"end":{"line":73,"column":48}},"26":{"start":{"line":74,"column":4},"end":{"line":74,"column":49}},"27":{"start":{"line":97,"column":2},"end":{"line":102,"column":63}},"28":{"start":{"line":98,"column":14},"end":{"line":98,"column":40}},"29":{"start":{"line":99,"column":4},"end":{"line":99,"column":42}},"30":{"start":{"line":99,"column":22},"end":{"line":99,"column":42}},"31":{"start":{"line":100,"column":18},"end":{"line":100,"column":71}},"32":{"start":{"line":101,"column":4},"end":{"line":101,"column":34}},"33":{"start":{"line":102,"column":16},"end":{"line":102,"column":61}},"34":{"start":{"line":118,"column":2},"end":{"line":122,"column":63}},"35":{"start":{"line":119,"column":15},"end":{"line":119,"column":66}},"36":{"start":{"line":120,"column":4},"end":{"line":120,"column":33}},"37":{"start":{"line":120,"column":13},"end":{"line":120,"column":33}},"38":{"start":{"line":121,"column":4},"end":{"line":121,"column":49}},"39":{"start":{"line":122,"column":16},"end":{"line":122,"column":61}},"40":{"start":{"line":146,"column":2},"end":{"line":172,"column":3}},"41":{"start":{"line":147,"column":21},"end":{"line":147,"column":34}},"42":{"start":{"line":148,"column":21},"end":{"line":148,"column":40}},"43":{"start":{"line":150,"column":4},"end":{"line":151,"column":79}},"44":{"start":{"line":151,"column":6},"end":{"line":151,"column":79}},"45":{"start":{"line":153,"column":19},"end":{"line":153,"column":54}},"46":{"start":{"line":154,"column":19},"end":{"line":154,"column":58}},"47":{"start":{"line":155,"column":4},"end":{"line":155,"column":80}},"48":{"start":{"line":155,"column":17},"end":{"line":155,"column":80}},"49":{"start":{"line":156,"column":4},"end":{"line":156,"column":85}},"50":{"start":{"line":156,"column":17},"end":{"line":156,"column":85}},"51":{"start":{"line":158,"column":20},"end":{"line":158,"column":60}},"52":{"start":{"line":160,"column":4},"end":{"line":168,"column":5}},"53":{"start":{"line":161,"column":6},"end":{"line":161,"column":79}},"54":{"start":{"line":162,"column":6},"end":{"line":162,"column":100}},"55":{"start":{"line":163,"column":6},"end":{"line":163,"column":92}},"56":{"start":{"line":165,"column":6},"end":{"line":165,"column":56}},"57":{"start":{"line":166,"column":6},"end":{"line":166,"column":98}},"58":{"start":{"line":167,"column":6},"end":{"line":167,"column":90}},"59":{"start":{"line":170,"column":4},"end":{"line":170,"column":47}},"60":{"start":{"line":171,"column":4},"end":{"line":171,"column":49}},"61":{"start":{"line":175,"column":0},"end":{"line":175,"column":83}}},"fnMap":{"0":{"name":"getMe","decl":{"start":{"line":23,"column":15},"end":{"line":23,"column":20}},"loc":{"start":{"line":23,"column":31},"end":{"line":29,"column":1}},"line":23},"1":{"name":"updateProfile","decl":{"start":{"line":56,"column":15},"end":{"line":56,"column":28}},"loc":{"start":{"line":56,"column":39},"end":{"line":76,"column":1}},"line":56},"2":{"name":"searchUsers","decl":{"start":{"line":96,"column":15},"end":{"line":96,"column":26}},"loc":{"start":{"line":96,"column":37},"end":{"line":103,"column":1}},"line":96},"3":{"name":"getFollowing","decl":{"start":{"line":117,"column":15},"end":{"line":117,"column":27}},"loc":{"start":{"line":117,"column":38},"end":{"line":123,"column":1}},"line":117},"4":{"name":"toggleFollow","decl":{"start":{"line":145,"column":15},"end":{"line":145,"column":27}},"loc":{"start":{"line":145,"column":38},"end":{"line":173,"column":1}},"line":145}},"branchMap":{"0":{"loc":{"start":{"line":26,"column":4},"end":{"line":26,"column":71}},"type":"if","locations":[{"start":{"line":26,"column":4},"end":{"line":26,"column":71}},{"start":{},"end":{}}],"line":26},"1":{"loc":{"start":{"line":59,"column":4},"end":{"line":63,"column":5}},"type":"if","locations":[{"start":{"line":59,"column":4},"end":{"line":63,"column":5}},{"start":{},"end":{}}],"line":59},"2":{"loc":{"start":{"line":61,"column":6},"end":{"line":62,"column":87}},"type":"if","locations":[{"start":{"line":61,"column":6},"end":{"line":62,"column":87}},{"start":{},"end":{}}],"line":61},"3":{"loc":{"start":{"line":65,"column":4},"end":{"line":65,"column":64}},"type":"if","locations":[{"start":{"line":65,"column":4},"end":{"line":65,"column":64}},{"start":{},"end":{}}],"line":65},"4":{"loc":{"start":{"line":66,"column":4},"end":{"line":66,"column":52}},"type":"if","locations":[{"start":{"line":66,"column":4},"end":{"line":66,"column":52}},{"start":{},"end":{}}],"line":66},"5":{"loc":{"start":{"line":67,"column":4},"end":{"line":67,"column":55}},"type":"if","locations":[{"start":{"line":67,"column":4},"end":{"line":67,"column":55}},{"start":{},"end":{}}],"line":67},"6":{"loc":{"start":{"line":98,"column":15},"end":{"line":98,"column":32}},"type":"binary-expr","locations":[{"start":{"line":98,"column":15},"end":{"line":98,"column":26}},{"start":{"line":98,"column":30},"end":{"line":98,"column":32}}],"line":98},"7":{"loc":{"start":{"line":99,"column":4},"end":{"line":99,"column":42}},"type":"if","locations":[{"start":{"line":99,"column":4},"end":{"line":99,"column":42}},{"start":{},"end":{}}],"line":99},"8":{"loc":{"start":{"line":120,"column":4},"end":{"line":120,"column":33}},"type":"if","locations":[{"start":{"line":120,"column":4},"end":{"line":120,"column":33}},{"start":{},"end":{}}],"line":120},"9":{"loc":{"start":{"line":121,"column":14},"end":{"line":121,"column":32}},"type":"binary-expr","locations":[{"start":{"line":121,"column":14},"end":{"line":121,"column":26}},{"start":{"line":121,"column":30},"end":{"line":121,"column":32}}],"line":121},"10":{"loc":{"start":{"line":150,"column":4},"end":{"line":151,"column":79}},"type":"if","locations":[{"start":{"line":150,"column":4},"end":{"line":151,"column":79}},{"start":{},"end":{}}],"line":150},"11":{"loc":{"start":{"line":155,"column":4},"end":{"line":155,"column":80}},"type":"if","locations":[{"start":{"line":155,"column":4},"end":{"line":155,"column":80}},{"start":{},"end":{}}],"line":155},"12":{"loc":{"start":{"line":156,"column":4},"end":{"line":156,"column":85}},"type":"if","locations":[{"start":{"line":156,"column":4},"end":{"line":156,"column":85}},{"start":{},"end":{}}],"line":156},"13":{"loc":{"start":{"line":160,"column":4},"end":{"line":168,"column":5}},"type":"if","locations":[{"start":{"line":160,"column":4},"end":{"line":168,"column":5}},{"start":{"line":164,"column":11},"end":{"line":168,"column":5}}],"line":160}},"s":{"0":1,"1":1,"2":1,"3":2,"4":2,"5":2,"6":1,"7":1,"8":0,"9":3,"10":3,"11":3,"12":2,"13":2,"14":1,"15":2,"16":2,"17":1,"18":2,"19":1,"20":2,"21":1,"22":2,"23":2,"24":2,"25":0,"26":0,"27":3,"28":3,"29":3,"30":2,"31":1,"32":1,"33":0,"34":2,"35":2,"36":2,"37":0,"38":2,"39":0,"40":4,"41":4,"42":4,"43":4,"44":1,"45":3,"46":3,"47":3,"48":0,"49":3,"50":1,"51":2,"52":2,"53":1,"54":1,"55":1,"56":1,"57":1,"58":1,"59":0,"60":0,"61":1},"f":{"0":2,"1":3,"2":3,"3":2,"4":4},"b":{"0":[1,1],"1":[2,1],"2":[1,1],"3":[1,1],"4":[1,1],"5":[1,1],"6":[3,1],"7":[2,1],"8":[0,2],"9":[2,0],"10":[1,3],"11":[0,3],"12":[1,2],"13":[1,1]},"_coverageSchema":"1a1c01bbd47fc00a2c39e90264f33305004495a9","hash":"12a535bfa9df8bc3656cc66c803721bd5a396cae"}
,"C:\\Users\\User\\Desktop\\habitquest\\habitquest\\backend\\repositories\\eventLogRepository.js": {"path":"C:\\Users\\User\\Desktop\\habitquest\\habitquest\\backend\\repositories\\eventLogRepository.js","statementMap":{"0":{"start":{"line":5,"column":21},"end":{"line":5,"column":41}},"1":{"start":{"line":7,"column":27},"end":{"line":13,"column":1}},"2":{"start":{"line":9,"column":4},"end":{"line":9,"column":66}},"3":{"start":{"line":12,"column":4},"end":{"line":12,"column":25}},"4":{"start":{"line":15,"column":0},"end":{"line":15,"column":36}}},"fnMap":{"0":{"name":"(anonymous_0)","decl":{"start":{"line":8,"column":14},"end":{"line":8,"column":15}},"loc":{"start":{"line":9,"column":4},"end":{"line":9,"column":66}},"line":9},"1":{"name":"(anonymous_1)","decl":{"start":{"line":11,"column":10},"end":{"line":11,"column":11}},"loc":{"start":{"line":12,"column":4},"end":{"line":12,"column":25}},"line":12}},"branchMap":{"0":{"loc":{"start":{"line":8,"column":23},"end":{"line":8,"column":34}},"type":"default-arg","locations":[{"start":{"line":8,"column":31},"end":{"line":8,"column":34}}],"line":8}},"s":{"0":1,"1":1,"2":0,"3":0,"4":1},"f":{"0":0,"1":0},"b":{"0":[0]},"_coverageSchema":"1a1c01bbd47fc00a2c39e90264f33305004495a9","hash":"66812f20ed3f31ed04e2a691ce55bd8ee63ed143"}
,"C:\\Users\\User\\Desktop\\habitquest\\habitquest\\backend\\repositories\\habitRepository.js": {"path":"C:\\Users\\User\\Desktop\\habitquest\\habitquest\\backend\\repositories\\habitRepository.js","statementMap":{"0":{"start":{"line":5,"column":18},"end":{"line":5,"column":38}},"1":{"start":{"line":7,"column":24},"end":{"line":22,"column":1}},"2":{"start":{"line":9,"column":4},"end":{"line":9,"column":50}},"3":{"start":{"line":12,"column":4},"end":{"line":12,"column":38}},"4":{"start":{"line":15,"column":4},"end":{"line":15,"column":22}},"5":{"start":{"line":18,"column":4},"end":{"line":18,"column":68}},"6":{"start":{"line":21,"column":4},"end":{"line":21,"column":47}},"7":{"start":{"line":24,"column":0},"end":{"line":24,"column":33}}},"fnMap":{"0":{"name":"(anonymous_0)","decl":{"start":{"line":8,"column":17},"end":{"line":8,"column":18}},"loc":{"start":{"line":9,"column":4},"end":{"line":9,"column":50}},"line":9},"1":{"name":"(anonymous_1)","decl":{"start":{"line":11,"column":11},"end":{"line":11,"column":12}},"loc":{"start":{"line":12,"column":4},"end":{"line":12,"column":38}},"line":12},"2":{"name":"(anonymous_2)","decl":{"start":{"line":14,"column":10},"end":{"line":14,"column":11}},"loc":{"start":{"line":15,"column":4},"end":{"line":15,"column":22}},"line":15},"3":{"name":"(anonymous_3)","decl":{"start":{"line":17,"column":10},"end":{"line":17,"column":11}},"loc":{"start":{"line":18,"column":4},"end":{"line":18,"column":68}},"line":18},"4":{"name":"(anonymous_4)","decl":{"start":{"line":20,"column":10},"end":{"line":20,"column":11}},"loc":{"start":{"line":21,"column":4},"end":{"line":21,"column":47}},"line":21}},"branchMap":{},"s":{"0":1,"1":1,"2":0,"3":0,"4":0,"5":0,"6":0,"7":1},"f":{"0":0,"1":0,"2":0,"3":0,"4":0},"b":{},"_coverageSchema":"1a1c01bbd47fc00a2c39e90264f33305004495a9","hash":"f391520754a5bd8ced55c8bebd40cabd8a9e7e00"}
,"C:\\Users\\User\\Desktop\\habitquest\\habitquest\\backend\\repositories\\taskRepository.js": {"path":"C:\\Users\\User\\Desktop\\habitquest\\habitquest\\backend\\repositories\\taskRepository.js","statementMap":{"0":{"start":{"line":5,"column":17},"end":{"line":5,"column":37}},"1":{"start":{"line":7,"column":23},"end":{"line":25,"column":1}},"2":{"start":{"line":9,"column":4},"end":{"line":9,"column":47}},"3":{"start":{"line":12,"column":4},"end":{"line":12,"column":37}},"4":{"start":{"line":15,"column":4},"end":{"line":15,"column":21}},"5":{"start":{"line":18,"column":4},"end":{"line":18,"column":67}},"6":{"start":{"line":21,"column":4},"end":{"line":21,"column":46}},"7":{"start":{"line":24,"column":4},"end":{"line":24,"column":46}},"8":{"start":{"line":27,"column":0},"end":{"line":27,"column":32}}},"fnMap":{"0":{"name":"(anonymous_0)","decl":{"start":{"line":8,"column":17},"end":{"line":8,"column":18}},"loc":{"start":{"line":9,"column":4},"end":{"line":9,"column":47}},"line":9},"1":{"name":"(anonymous_1)","decl":{"start":{"line":11,"column":11},"end":{"line":11,"column":12}},"loc":{"start":{"line":12,"column":4},"end":{"line":12,"column":37}},"line":12},"2":{"name":"(anonymous_2)","decl":{"start":{"line":14,"column":10},"end":{"line":14,"column":11}},"loc":{"start":{"line":15,"column":4},"end":{"line":15,"column":21}},"line":15},"3":{"name":"(anonymous_3)","decl":{"start":{"line":17,"column":10},"end":{"line":17,"column":11}},"loc":{"start":{"line":18,"column":4},"end":{"line":18,"column":67}},"line":18},"4":{"name":"(anonymous_4)","decl":{"start":{"line":20,"column":10},"end":{"line":20,"column":11}},"loc":{"start":{"line":21,"column":4},"end":{"line":21,"column":46}},"line":21},"5":{"name":"(anonymous_5)","decl":{"start":{"line":23,"column":19},"end":{"line":23,"column":20}},"loc":{"start":{"line":24,"column":4},"end":{"line":24,"column":46}},"line":24}},"branchMap":{},"s":{"0":1,"1":1,"2":0,"3":0,"4":0,"5":0,"6":0,"7":0,"8":1},"f":{"0":0,"1":0,"2":0,"3":0,"4":0,"5":0},"b":{},"_coverageSchema":"1a1c01bbd47fc00a2c39e90264f33305004495a9","hash":"1a44b86654a7a2cd0fdd9514f7802a5b0f785e48"}
,"C:\\Users\\User\\Desktop\\habitquest\\habitquest\\backend\\repositories\\userRepository.js": {"path":"C:\\Users\\User\\Desktop\\habitquest\\habitquest\\backend\\repositories\\userRepository.js","statementMap":{"0":{"start":{"line":8,"column":17},"end":{"line":8,"column":37}},"1":{"start":{"line":10,"column":23},"end":{"line":58,"column":1}},"2":{"start":{"line":12,"column":4},"end":{"line":12,"column":21}},"3":{"start":{"line":15,"column":4},"end":{"line":15,"column":47}},"4":{"start":{"line":18,"column":4},"end":{"line":18,"column":72}},"5":{"start":{"line":21,"column":4},"end":{"line":21,"column":21}},"6":{"start":{"line":24,"column":4},"end":{"line":24,"column":49}},"7":{"start":{"line":27,"column":4},"end":{"line":27,"column":56}},"8":{"start":{"line":30,"column":4},"end":{"line":30,"column":70}},"9":{"start":{"line":33,"column":4},"end":{"line":33,"column":93}},"10":{"start":{"line":36,"column":4},"end":{"line":36,"column":67}},"11":{"start":{"line":39,"column":4},"end":{"line":39,"column":96}},"12":{"start":{"line":42,"column":4},"end":{"line":42,"column":95}},"13":{"start":{"line":45,"column":4},"end":{"line":48,"column":6}},"14":{"start":{"line":51,"column":4},"end":{"line":54,"column":6}},"15":{"start":{"line":57,"column":4},"end":{"line":57,"column":68}},"16":{"start":{"line":57,"column":36},"end":{"line":57,"column":67}},"17":{"start":{"line":60,"column":0},"end":{"line":60,"column":32}}},"fnMap":{"0":{"name":"(anonymous_0)","decl":{"start":{"line":11,"column":12},"end":{"line":11,"column":13}},"loc":{"start":{"line":12,"column":4},"end":{"line":12,"column":21}},"line":12},"1":{"name":"(anonymous_1)","decl":{"start":{"line":14,"column":18},"end":{"line":14,"column":19}},"loc":{"start":{"line":15,"column":4},"end":{"line":15,"column":47}},"line":15},"2":{"name":"(anonymous_2)","decl":{"start":{"line":17,"column":24},"end":{"line":17,"column":25}},"loc":{"start":{"line":18,"column":4},"end":{"line":18,"column":72}},"line":18},"3":{"name":"(anonymous_3)","decl":{"start":{"line":20,"column":10},"end":{"line":20,"column":11}},"loc":{"start":{"line":21,"column":4},"end":{"line":21,"column":21}},"line":21},"4":{"name":"(anonymous_4)","decl":{"start":{"line":23,"column":14},"end":{"line":23,"column":15}},"loc":{"start":{"line":24,"column":4},"end":{"line":24,"column":49}},"line":24},"5":{"name":"(anonymous_5)","decl":{"start":{"line":26,"column":17},"end":{"line":26,"column":18}},"loc":{"start":{"line":27,"column":4},"end":{"line":27,"column":56}},"line":27},"6":{"name":"(anonymous_6)","decl":{"start":{"line":29,"column":17},"end":{"line":29,"column":18}},"loc":{"start":{"line":30,"column":4},"end":{"line":30,"column":70}},"line":30},"7":{"name":"(anonymous_7)","decl":{"start":{"line":32,"column":12},"end":{"line":32,"column":13}},"loc":{"start":{"line":33,"column":4},"end":{"line":33,"column":93}},"line":33},"8":{"name":"(anonymous_8)","decl":{"start":{"line":35,"column":18},"end":{"line":35,"column":19}},"loc":{"start":{"line":36,"column":4},"end":{"line":36,"column":67}},"line":36},"9":{"name":"(anonymous_9)","decl":{"start":{"line":38,"column":20},"end":{"line":38,"column":21}},"loc":{"start":{"line":39,"column":4},"end":{"line":39,"column":96}},"line":39},"10":{"name":"(anonymous_10)","decl":{"start":{"line":41,"column":21},"end":{"line":41,"column":22}},"loc":{"start":{"line":42,"column":4},"end":{"line":42,"column":95}},"line":42},"11":{"name":"(anonymous_11)","decl":{"start":{"line":44,"column":16},"end":{"line":44,"column":17}},"loc":{"start":{"line":45,"column":4},"end":{"line":48,"column":6}},"line":45},"12":{"name":"(anonymous_12)","decl":{"start":{"line":50,"column":19},"end":{"line":50,"column":20}},"loc":{"start":{"line":51,"column":4},"end":{"line":54,"column":6}},"line":51},"13":{"name":"(anonymous_13)","decl":{"start":{"line":56,"column":15},"end":{"line":56,"column":16}},"loc":{"start":{"line":57,"column":4},"end":{"line":57,"column":68}},"line":57},"14":{"name":"(anonymous_14)","decl":{"start":{"line":57,"column":30},"end":{"line":57,"column":31}},"loc":{"start":{"line":57,"column":36},"end":{"line":57,"column":67}},"line":57}},"branchMap":{"0":{"loc":{"start":{"line":57,"column":5},"end":{"line":57,"column":23}},"type":"binary-expr","locations":[{"start":{"line":57,"column":5},"end":{"line":57,"column":17}},{"start":{"line":57,"column":21},"end":{"line":57,"column":23}}],"line":57}},"s":{"0":2,"1":2,"2":0,"3":3,"4":0,"5":1,"6":1,"7":0,"8":1,"9":1,"10":0,"11":0,"12":0,"13":0,"14":0,"15":4,"16":3,"17":2},"f":{"0":0,"1":3,"2":0,"3":1,"4":1,"5":0,"6":1,"7":1,"8":0,"9":0,"10":0,"11":0,"12":0,"13":4,"14":3},"b":{"0":[4,1]},"_coverageSchema":"1a1c01bbd47fc00a2c39e90264f33305004495a9","hash":"d67fced005879e8eb5f31df2545a2ee8f1bd85f7"}
}
