TN:
SF:config\constants.js
FN:21,calcLevel
FNF:1
FNH:1
FNDA:10,calcLevel
DA:5,2
DA:6,2
DA:8,2
DA:10,2
DA:22,10
DA:23,10
DA:24,71
DA:26,10
DA:29,2
LF:9
LH:9
BRDA:24,0,0,9
BRDA:24,0,1,62
BRF:2
BRH:2
end_of_record
TN:
SF:controllers\authController.js
FN:9,safeUser
FN:46,register
FN:94,login
FNF:3
FNH:3
FNDA:60,safeUser
FNDA:6,register
FNDA:52,login
DA:5,1
DA:6,1
DA:7,1
DA:10,60
DA:47,6
DA:48,6
DA:49,6
DA:50,2
DA:51,4
DA:52,1
DA:53,3
DA:54,1
DA:56,2
DA:57,2
DA:58,1
DA:60,1
DA:61,1
DA:62,1
DA:63,1
DA:65,0
DA:66,0
DA:95,52
DA:96,52
DA:97,52
DA:98,1
DA:100,51
DA:101,51
DA:102,1
DA:104,50
DA:105,50
DA:106,1
DA:108,49
DA:109,49
DA:110,49
DA:111,49
DA:112,49
DA:114,49
DA:115,49
DA:117,49
DA:118,49
DA:120,0
DA:121,0
DA:125,1
LF:43
LH:39
BRDA:14,0,0,60
BRDA:14,0,1,0
BRDA:14,1,0,60
BRDA:14,1,1,1
BRDA:15,2,0,60
BRDA:15,2,1,0
BRDA:15,3,0,60
BRDA:15,3,1,0
BRDA:49,4,0,2
BRDA:49,4,1,4
BRDA:49,5,0,6
BRDA:49,5,1,4
BRDA:51,6,0,1
BRDA:51,6,1,3
BRDA:53,7,0,1
BRDA:53,7,1,2
BRDA:57,8,0,1
BRDA:57,8,1,1
BRDA:97,9,0,1
BRDA:97,9,1,51
BRDA:97,10,0,52
BRDA:97,10,1,51
BRDA:101,11,0,1
BRDA:101,11,1,50
BRDA:105,12,0,1
BRDA:105,12,1,49
BRDA:111,13,0,0
BRDA:111,13,1,49
BRDA:111,14,0,0
BRDA:111,14,1,0
BRDA:112,15,0,49
BRDA:112,15,1,0
BRDA:112,16,0,49
BRDA:112,16,1,0
BRF:34
BRH:26
end_of_record
TN:
SF:controllers\habitController.js
FN:21,getAll
FN:64,create
FN:96,update
FN:124,remove
FN:151,complete
FNF:5
FNH:5
FNDA:2,getAll
FNDA:3,create
FNDA:2,update
FNDA:2,remove
FNDA:2,complete
DA:5,1
DA:6,1
DA:7,1
DA:22,2
DA:23,2
DA:24,2
DA:25,0
DA:65,3
DA:66,3
DA:67,3
DA:68,2
DA:71,2
DA:72,2
DA:73,0
DA:97,2
DA:98,2
DA:99,2
DA:100,1
DA:101,0
DA:125,2
DA:126,2
DA:127,2
DA:128,1
DA:129,1
DA:130,0
DA:152,2
DA:153,2
DA:154,2
DA:155,1
DA:156,1
DA:162,1
DA:163,0
DA:166,1
LF:33
LH:28
BRDA:67,0,0,1
BRDA:67,0,1,2
BRDA:99,1,0,1
BRDA:99,1,1,1
BRDA:127,2,0,1
BRDA:127,2,1,1
BRDA:154,3,0,1
BRDA:154,3,1,1
BRF:8
BRH:8
end_of_record
TN:
SF:controllers\historyController.js
FN:19,getHistory
FNF:1
FNH:1
FNDA:2,getHistory
DA:5,1
DA:20,2
DA:21,2
DA:22,2
DA:23,0
DA:26,1
LF:6
LH:5
BRF:0
BRH:0
end_of_record
TN:
SF:controllers\shopController.js
FN:22,getFrames
FN:46,buyFrame
FN:48,(anonymous_2)
FN:92,equipFrame
FN:94,(anonymous_4)
FNF:5
FNH:5
FNDA:1,getFrames
FNDA:6,buyFrame
FNDA:22,(anonymous_2)
FNDA:4,equipFrame
FNDA:14,(anonymous_4)
DA:5,1
DA:6,1
DA:7,1
DA:8,1
DA:23,1
DA:47,6
DA:48,22
DA:49,6
DA:51,5
DA:52,5
DA:54,4
DA:55,1
DA:56,3
DA:57,1
DA:58,2
DA:59,1
DA:61,1
DA:62,1
DA:66,1
DA:67,1
DA:69,0
DA:70,0
DA:93,4
DA:94,14
DA:95,4
DA:97,3
DA:98,3
DA:99,1
DA:101,2
DA:102,2
DA:103,2
DA:107,2
DA:108,2
DA:110,0
DA:111,0
DA:115,1
LF:36
LH:32
BRDA:49,0,0,1
BRDA:49,0,1,5
BRDA:52,1,0,1
BRDA:52,1,1,4
BRDA:54,2,0,1
BRDA:54,2,1,3
BRDA:56,3,0,1
BRDA:56,3,1,2
BRDA:56,4,0,3
BRDA:56,4,1,0
BRDA:58,5,0,1
BRDA:58,5,1,1
BRDA:95,6,0,1
BRDA:95,6,1,3
BRDA:98,7,0,1
BRDA:98,7,1,2
BRDA:98,8,0,3
BRDA:98,8,1,0
BRDA:101,9,0,1
BRDA:101,9,1,1
BRF:20
BRH:18
end_of_record
TN:
SF:controllers\taskController.js
FN:21,getAll
FN:57,create
FN:87,update
FN:113,remove
FN:140,complete
FNF:5
FNH:5
FNDA:1,getAll
FNDA:3,create
FNDA:2,update
FNDA:2,remove
FNDA:2,complete
DA:5,1
DA:6,1
DA:7,1
DA:22,1
DA:23,1
DA:24,0
DA:58,3
DA:59,3
DA:60,3
DA:61,2
DA:64,2
DA:65,2
DA:66,0
DA:88,2
DA:89,2
DA:90,2
DA:91,1
DA:92,0
DA:114,2
DA:115,2
DA:116,2
DA:117,1
DA:118,1
DA:119,0
DA:141,2
DA:142,2
DA:143,2
DA:144,1
DA:145,1
DA:151,1
DA:152,0
DA:155,1
LF:32
LH:27
BRDA:60,0,0,1
BRDA:60,0,1,2
BRDA:62,1,0,2
BRDA:62,1,1,1
BRDA:90,2,0,1
BRDA:90,2,1,1
BRDA:116,3,0,1
BRDA:116,3,1,1
BRDA:143,4,0,1
BRDA:143,4,1,1
BRF:10
BRH:10
end_of_record
TN:
SF:controllers\userController.js
FN:23,getMe
FN:56,updateProfile
FN:96,searchUsers
FN:117,getFollowing
FN:145,toggleFollow
FNF:5
FNH:5
FNDA:2,getMe
FNDA:3,updateProfile
FNDA:3,searchUsers
FNDA:2,getFollowing
FNDA:4,toggleFollow
DA:5,1
DA:6,1
DA:7,1
DA:24,2
DA:25,2
DA:26,2
DA:27,1
DA:28,0
DA:57,3
DA:58,3
DA:59,3
DA:60,2
DA:61,2
DA:62,1
DA:64,2
DA:65,2
DA:66,2
DA:67,2
DA:69,2
DA:70,2
DA:71,2
DA:73,0
DA:74,0
DA:97,3
DA:98,3
DA:99,3
DA:100,1
DA:101,1
DA:102,0
DA:118,2
DA:119,2
DA:120,2
DA:121,2
DA:122,0
DA:146,4
DA:147,4
DA:148,4
DA:150,4
DA:151,1
DA:153,3
DA:154,3
DA:155,3
DA:156,3
DA:158,2
DA:160,2
DA:161,1
DA:162,1
DA:163,1
DA:165,1
DA:166,1
DA:167,1
DA:170,0
DA:171,0
DA:175,1
LF:54
LH:47
BRDA:26,0,0,1
BRDA:26,0,1,1
BRDA:59,1,0,2
BRDA:59,1,1,1
BRDA:61,2,0,1
BRDA:61,2,1,1
BRDA:65,3,0,1
BRDA:65,3,1,1
BRDA:66,4,0,1
BRDA:66,4,1,1
BRDA:67,5,0,1
BRDA:67,5,1,1
BRDA:98,6,0,3
BRDA:98,6,1,1
BRDA:99,7,0,2
BRDA:99,7,1,1
BRDA:120,8,0,0
BRDA:120,8,1,2
BRDA:121,9,0,2
BRDA:121,9,1,0
BRDA:150,10,0,1
BRDA:150,10,1,3
BRDA:155,11,0,0
BRDA:155,11,1,3
BRDA:156,12,0,1
BRDA:156,12,1,2
BRDA:160,13,0,1
BRDA:160,13,1,1
BRF:28
BRH:25
end_of_record
TN:
SF:repositories\eventLogRepository.js
FN:8,(anonymous_0)
FN:11,(anonymous_1)
FNF:2
FNH:0
FNDA:0,(anonymous_0)
FNDA:0,(anonymous_1)
DA:5,1
DA:7,1
DA:9,0
DA:12,0
DA:15,1
LF:5
LH:3
BRDA:8,0,0,0
BRF:1
BRH:0
end_of_record
TN:
SF:repositories\habitRepository.js
FN:8,(anonymous_0)
FN:11,(anonymous_1)
FN:14,(anonymous_2)
FN:17,(anonymous_3)
FN:20,(anonymous_4)
FNF:5
FNH:0
FNDA:0,(anonymous_0)
FNDA:0,(anonymous_1)
FNDA:0,(anonymous_2)
FNDA:0,(anonymous_3)
FNDA:0,(anonymous_4)
DA:5,1
DA:7,1
DA:9,0
DA:12,0
DA:15,0
DA:18,0
DA:21,0
DA:24,1
LF:8
LH:3
BRF:0
BRH:0
end_of_record
TN:
SF:repositories\taskRepository.js
FN:8,(anonymous_0)
FN:11,(anonymous_1)
FN:14,(anonymous_2)
FN:17,(anonymous_3)
FN:20,(anonymous_4)
FN:23,(anonymous_5)
FNF:6
FNH:0
FNDA:0,(anonymous_0)
FNDA:0,(anonymous_1)
FNDA:0,(anonymous_2)
FNDA:0,(anonymous_3)
FNDA:0,(anonymous_4)
FNDA:0,(anonymous_5)
DA:5,1
DA:7,1
DA:9,0
DA:12,0
DA:15,0
DA:18,0
DA:21,0
DA:24,0
DA:27,1
LF:9
LH:3
BRF:0
BRH:0
end_of_record
TN:
SF:repositories\userRepository.js
FN:11,(anonymous_0)
FN:14,(anonymous_1)
FN:17,(anonymous_2)
FN:20,(anonymous_3)
FN:23,(anonymous_4)
FN:26,(anonymous_5)
FN:29,(anonymous_6)
FN:32,(anonymous_7)
FN:35,(anonymous_8)
FN:38,(anonymous_9)
FN:41,(anonymous_10)
FN:44,(anonymous_11)
FN:50,(anonymous_12)
FN:56,(anonymous_13)
FN:57,(anonymous_14)
FNF:15
FNH:7
FNDA:0,(anonymous_0)
FNDA:3,(anonymous_1)
FNDA:0,(anonymous_2)
FNDA:1,(anonymous_3)
FNDA:1,(anonymous_4)
FNDA:0,(anonymous_5)
FNDA:1,(anonymous_6)
FNDA:1,(anonymous_7)
FNDA:0,(anonymous_8)
FNDA:0,(anonymous_9)
FNDA:0,(anonymous_10)
FNDA:0,(anonymous_11)
FNDA:0,(anonymous_12)
FNDA:4,(anonymous_13)
FNDA:3,(anonymous_14)
DA:8,2
DA:10,2
DA:12,0
DA:15,3
DA:18,0
DA:21,1
DA:24,1
DA:27,0
DA:30,1
DA:33,1
DA:36,0
DA:39,0
DA:42,0
DA:45,0
DA:51,0
DA:57,4
DA:60,2
LF:17
LH:9
BRDA:57,0,0,4
BRDA:57,0,1,1
BRF:2
BRH:2
end_of_record
